\BOOKMARK [1][-]{section.1}{\376\377\0001\000.\000\040\000N\000o\000t\000a\000t\000i\000o\000n\000s\000\040\000a\000n\000d\000\040\000s\000t\000a\000t\000e\000m\000e\000n\000t\000\040\000o\000f\000\040\000t\000h\000e\000\040\000m\000a\000i\000n\000\040\000r\000e\000s\000u\000l\000t}{}% 1
\BOOKMARK [2][-]{subsection.1.1}{\376\377\0001\000.\0001\000.\000\040\000C\000o\000n\000j\000u\000g\000a\000c\000y\000\040\000c\000l\000a\000s\000s\000e\000s}{section.1}% 2
\BOOKMARK [2][-]{subsection.1.2}{\376\377\0001\000.\0002\000.\000\040\000T\000r\000i\000a\000n\000g\000u\000l\000a\000r\000\040\000h\000o\000n\000e\000y\000c\000o\000m\000b}{section.1}% 3
\BOOKMARK [2][-]{subsection.1.3}{\376\377\0001\000.\0003\000.\000\040\000\040\000\050\000g\000,\000\040\000p\000\051\000-\000h\000o\000n\000e\000y\000c\000o\000m\000b\000s}{section.1}% 4
\BOOKMARK [2][-]{subsection.1.4}{\376\377\0001\000.\0004\000.\000\040\000V\000o\000l\000u\000m\000e\000\040\000o\000f\000\040\000f\000l\000a\000t\000\040\000c\000o\000n\000n\000e\000c\000t\000i\000o\000n\000s}{section.1}% 5
\BOOKMARK [2][-]{section*.1}{\376\377\000Y\000a\000n\000g\000-\000M\000i\000l\000l\000s\000\040\000m\000a\000r\000g\000i\000n\000a\000l\000\040\000f\000o\000r\000\040\000d\000i\000s\000j\000o\000i\000n\000t\000\040\000c\000u\000r\000v\000e\000s}{section.1}% 6
\BOOKMARK [2][-]{section*.2}{\376\377\000O\000r\000g\000a\000n\000i\000s\000a\000t\000i\000o\000n\000\040\000o\000f\000\040\000t\000h\000e\000\040\000p\000a\000p\000e\000r}{section.1}% 7
\BOOKMARK [1][-]{section.2}{\376\377\0002\000.\000\040\000G\000r\000a\000p\000h\000s\000,\000\040\000d\000i\000v\000e\000r\000g\000e\000n\000c\000e\000\040\000o\000f\000\040\000f\000l\000o\000w\000s\000\040\000a\000n\000d\000\040\000v\000o\000l\000u\000m\000e\000\040\000m\000e\000a\000s\000u\000r\000e\000s}{}% 8
\BOOKMARK [2][-]{subsection.2.1}{\376\377\0002\000.\0001\000.\000\040\000C\000a\000n\000o\000n\000i\000c\000a\000l\000\040\000m\000e\000a\000s\000u\000r\000e}{section.2}% 9
\BOOKMARK [2][-]{section*.3}{\376\377\000B\000o\000u\000n\000d\000a\000r\000y\000\040\000a\000n\000d\000\040\000s\000i\000e\000v\000i\000n\000g\000\040\000o\000f\000\040\000g\000r\000a\000p\000h\000s}{section.2}% 10
\BOOKMARK [1][-]{section.3}{\376\377\0003\000.\000\040\000T\000h\000e\000\040\000t\000h\000r\000e\000e\000-\000h\000o\000l\000e\000d\000\040\000s\000p\000h\000e\000r\000e}{}% 11
\BOOKMARK [2][-]{subsection.3.1}{\376\377\0003\000.\0001\000.\000\040\000P\000a\000r\000a\000m\000e\000t\000r\000i\000z\000a\000t\000i\000o\000n\000\040\000o\000f\000\040\000t\000r\000i\000a\000n\000g\000u\000l\000a\000r\000\040\000h\000o\000n\000e\000y\000c\000o\000m\000b\000s}{section.3}% 12
\BOOKMARK [2][-]{subsection.3.2}{\376\377\0003\000.\0002\000.\000\040\000D\000u\000a\000l\000\040\000h\000i\000v\000e}{section.3}% 13
\BOOKMARK [2][-]{subsection.3.3}{\376\377\0003\000.\0003\000.\000\040\000F\000r\000o\000m\000\040\000d\000u\000a\000l\000\040\000h\000i\000v\000e\000\040\000t\000o\000\040\000t\000r\000i\000a\000n\000g\000u\000l\000a\000r\000\040\000h\000o\000n\000e\000y\000c\000o\000m\000b}{section.3}% 14
\BOOKMARK [2][-]{subsection.3.4}{\376\377\0003\000.\0004\000.\000\040\000F\000r\000o\000m\000\040\000t\000r\000i\000a\000n\000g\000u\000l\000a\000r\000\040\000h\000o\000n\000e\000y\000c\000o\000m\000b\000\040\000t\000o\000\040\000d\000u\000a\000l\000\040\000h\000i\000v\000e}{section.3}% 15
\BOOKMARK [2][-]{subsection.3.5}{\376\377\0003\000.\0005\000.\000\040\000V\000o\000l\000u\000m\000e\000\040\000o\000f\000\040\000f\000l\000a\000t\000\040\000c\000o\000n\000n\000e\000c\000t\000i\000o\000n\000s}{section.3}% 16
\BOOKMARK [1][-]{section.4}{\376\377\0004\000.\000\040\000S\000i\000e\000v\000i\000n\000g\000\040\000o\000f\000\040\000h\000o\000n\000e\000y\000c\000o\000m\000b\000s}{}% 17
\BOOKMARK [2][-]{subsection.4.1}{\376\377\0004\000.\0001\000.\000\040\000P\000r\000o\000o\000f\000\040\000o\000f\000\040\000T\000h\000e\000o\000r\000e\000m\000\040\000?\000?}{section.4}% 18
\BOOKMARK [1][-]{section.5}{\376\377\0005\000.\000\040\000V\000o\000l\000u\000m\000e\000\040\000o\000f\000\040\000f\000l\000a\000t\000\040\000U\000\050\000n\000\051\000-\000c\000o\000n\000n\000e\000c\000t\000i\000o\000n\000s\000\040\000o\000n\000\040\000a\000\040\000c\000o\000m\000p\000a\000c\000t\000\040\000s\000u\000r\000f\000a\000c\000e}{}% 19
\BOOKMARK [2][-]{subsection.5.1}{\376\377\0005\000.\0001\000.\000\040\000P\000a\000r\000a\000m\000e\000t\000r\000i\000z\000a\000t\000i\000o\000n\000s\000\040\000o\000f\000\040\000c\000o\000n\000j\000u\000g\000a\000c\000y\000\040\000c\000l\000a\000s\000s\000e\000s\000\040\000a\000n\000d\000\040\000v\000o\000l\000u\000m\000e\000\040\000f\000o\000r\000m}{section.5}% 20
\BOOKMARK [1][-]{section.6}{\376\377\0006\000.\000\040\000Y\000a\000n\000g\000-\000M\000i\000l\000l\000s\000\040\000p\000a\000r\000t\000i\000t\000i\000o\000n\000\040\000f\000u\000n\000c\000t\000i\000o\000n\000\040\000o\000n\000\040\000c\000o\000m\000p\000a\000c\000t\000\040\000o\000r\000i\000e\000n\000t\000e\000d\000\040\000s\000u\000r\000f\000a\000c\000e\000s}{}% 21
\BOOKMARK [1][-]{section*.4}{\376\377\000R\000e\000f\000e\000r\000e\000n\000c\000e\000s}{}% 22
